# JRE version: Java(TM) SE Runtime Environment (17.0.5+9) (build 17.0.5+9-LTS-191)
# Java VM: Java HotSpot(TM) 64-Bit Server VM (17.0.5+9-LTS-191, mixed mode, sharing, tiered, compressed oops, compressed class ptrs, g1 gc, windows-amd64)
GC Precious Log:
 CPUs: 4 total, 4 available
 Memory: 8089M
 Large Page Support: Disabled
 NUMA Support: Disabled
 Compressed Oops: Enabled (32-bit)
 Heap Region Size: 1M
 Heap Min Capacity: 8M
 Heap Initial Capacity: 128M
 Heap Max Capacity: 2024M
 Pre-touch: Disabled
 Parallel Workers: 4
 Concurrent Workers: 1
 Concurrent Refinement Workers: 4
 Periodic GC: Disabled
Heap:
 garbage-first heap   total 56320K, used 31274K [0x0000000081800000, 0x0000000100000000)
  region size 1024K, 3 young (3072K), 1 survivors (1024K)
 Metaspace       used 63947K, committed 64448K, reserved 1105920K
  class space    used 8529K, committed 8768K, reserved 1048576K
GC Heap History (20 events):
Event: 324.657 GC heap before
{Heap before GC invocations=58 (full 0):
 garbage-first heap   total 56320K, used 48500K [0x0000000081800000, 0x0000000100000000)
  region size 1024K, 19 young (19456K), 1 survivors (1024K)
 Metaspace       used 62783K, committed 63168K, reserved 1105920K
  class space    used 8461K, committed 8640K, reserved 1048576K
}
Event: 324.658 GC heap after
{Heap after GC invocations=59 (full 0):
 garbage-first heap   total 56320K, used 30024K [0x0000000081800000, 0x0000000100000000)
  region size 1024K, 1 young (1024K), 1 survivors (1024K)
 Metaspace       used 62783K, committed 63168K, reserved 1105920K
  class space    used 8461K, committed 8640K, reserved 1048576K
}
Event: 340.934 GC heap before
{Heap before GC invocations=59 (full 0):
 garbage-first heap   total 56320K, used 48456K [0x0000000081800000, 0x0000000100000000)
  region size 1024K, 19 young (19456K), 1 survivors (1024K)
 Metaspace       used 62783K, committed 63168K, reserved 1105920K
  class space    used 8461K, committed 8640K, reserved 1048576K
}
Event: 340.935 GC heap after
{Heap after GC invocations=60 (full 0):
 garbage-first heap   total 56320K, used 29917K [0x0000000081800000, 0x0000000100000000)
  region size 1024K, 1 young (1024K), 1 survivors (1024K)
 Metaspace       used 62783K, committed 63168K, reserved 1105920K
  class space    used 8461K, committed 8640K, reserved 1048576K
}
Event: 356.829 GC heap before
{Heap before GC invocations=61 (full 0):
 garbage-first heap   total 56320K, used 48349K [0x0000000081800000, 0x0000000100000000)
  region size 1024K, 19 young (19456K), 1 survivors (1024K)
 Metaspace       used 62783K, committed 63168K, reserved 1105920K
  class space    used 8461K, committed 8640K, reserved 1048576K
}
Event: 356.830 GC heap after
{Heap after GC invocations=62 (full 0):
 garbage-first heap   total 56320K, used 29766K [0x0000000081800000, 0x0000000100000000)
  region size 1024K, 1 young (1024K), 1 survivors (1024K)
 Metaspace       used 62783K, committed 63168K, reserved 1105920K
  class space    used 8461K, committed 8640K, reserved 1048576K
}
Event: 372.498 GC heap before
{Heap before GC invocations=62 (full 0):
 garbage-first heap   total 56320K, used 48198K [0x0000000081800000, 0x0000000100000000)
  region size 1024K, 19 young (19456K), 1 survivors (1024K)
 Metaspace       used 62784K, committed 63168K, reserved 1105920K
  class space    used 8461K, committed 8640K, reserved 1048576K
}
Event: 372.499 GC heap after
{Heap after GC invocations=63 (full 0):
 garbage-first heap   total 56320K, used 30068K [0x0000000081800000, 0x0000000100000000)
  region size 1024K, 1 young (1024K), 1 survivors (1024K)
 Metaspace       used 62784K, committed 63168K, reserved 1105920K
  class space    used 8461K, committed 8640K, reserved 1048576K
}
Event: 390.100 GC heap before
{Heap before GC invocations=64 (full 0):
 garbage-first heap   total 56320K, used 48500K [0x0000000081800000, 0x0000000100000000)
  region size 1024K, 19 young (19456K), 1 survivors (1024K)
 Metaspace       used 62784K, committed 63168K, reserved 1105920K
  class space    used 8461K, committed 8640K, reserved 1048576K
}
Event: 390.101 GC heap after
{Heap after GC invocations=65 (full 0):
 garbage-first heap   total 56320K, used 30086K [0x0000000081800000, 0x0000000100000000)
  region size 1024K, 1 young (1024K), 1 survivors (1024K)
 Metaspace       used 62784K, committed 63168K, reserved 1105920K
  class space    used 8461K, committed 8640K, reserved 1048576K
}
Event: 398.117 GC heap before
{Heap before GC invocations=65 (full 0):
 garbage-first heap   total 56320K, used 37254K [0x0000000081800000, 0x0000000100000000)
  region size 1024K, 9 young (9216K), 1 survivors (1024K)
 Metaspace       used 62982K, committed 63424K, reserved 1105920K
  class space    used 8492K, committed 8704K, reserved 1048576K
}
Event: 398.173 GC heap after
{Heap after GC invocations=66 (full 1):
 garbage-first heap   total 56320K, used 24619K [0x0000000081800000, 0x0000000100000000)
  region size 1024K, 0 young (0K), 0 survivors (0K)
 Metaspace       used 62982K, committed 63424K, reserved 1105920K
  class space    used 8492K, committed 8704K, reserved 1048576K
}
Event: 400.059 GC heap before
{Heap before GC invocations=66 (full 1):
 garbage-first heap   total 56320K, used 46123K [0x0000000081800000, 0x0000000100000000)
  region size 1024K, 22 young (22528K), 0 survivors (0K)
 Metaspace       used 63173K, committed 63616K, reserved 1105920K
  class space    used 8498K, committed 8704K, reserved 1048576K
}
Event: 400.063 GC heap after
{Heap after GC invocations=67 (full 1):
 garbage-first heap   total 56320K, used 26309K [0x0000000081800000, 0x0000000100000000)
  region size 1024K, 2 young (2048K), 2 survivors (2048K)
 Metaspace       used 63173K, committed 63616K, reserved 1105920K
  class space    used 8498K, committed 8704K, reserved 1048576K
}
Event: 401.375 GC heap before
{Heap before GC invocations=68 (full 1):
 garbage-first heap   total 56320K, used 44741K [0x0000000081800000, 0x0000000100000000)
  region size 1024K, 20 young (20480K), 2 survivors (2048K)
 Metaspace       used 63509K, committed 63936K, reserved 1105920K
  class space    used 8507K, committed 8704K, reserved 1048576K
}
Event: 401.380 GC heap after
{Heap after GC invocations=69 (full 1):
 garbage-first heap   total 56320K, used 27857K [0x0000000081800000, 0x0000000100000000)
  region size 1024K, 2 young (2048K), 2 survivors (2048K)
 Metaspace       used 63509K, committed 63936K, reserved 1105920K
  class space    used 8507K, committed 8704K, reserved 1048576K
}
Event: 402.297 GC heap before
{Heap before GC invocations=69 (full 1):
 garbage-first heap   total 56320K, used 44241K [0x0000000081800000, 0x0000000100000000)
  region size 1024K, 18 young (18432K), 2 survivors (2048K)
 Metaspace       used 63832K, committed 64320K, reserved 1105920K
  class space    used 8525K, committed 8768K, reserved 1048576K
}
Event: 402.303 GC heap after
{Heap after GC invocations=70 (full 1):
 garbage-first heap   total 56320K, used 29614K [0x0000000081800000, 0x0000000100000000)
  region size 1024K, 2 young (2048K), 2 survivors (2048K)
 Metaspace       used 63832K, committed 64320K, reserved 1105920K
  class space    used 8525K, committed 8768K, reserved 1048576K
}
Event: 415.961 GC heap before
{Heap before GC invocations=71 (full 1):
 garbage-first heap   total 56320K, used 43950K [0x0000000081800000, 0x0000000100000000)
  region size 1024K, 16 young (16384K), 2 survivors (2048K)
 Metaspace       used 63889K, committed 64384K, reserved 1105920K
  class space    used 8529K, committed 8768K, reserved 1048576K
}
Event: 415.965 GC heap after
{Heap after GC invocations=72 (full 1):
 garbage-first heap   total 56320K, used 30250K [0x0000000081800000, 0x0000000100000000)
  region size 1024K, 1 young (1024K), 1 survivors (1024K)
 Metaspace       used 63889K, committed 64384K, reserved 1105920K
  class space    used 8529K, committed 8768K, reserved 1048576K
}

