# JRE version: Java(TM) SE Runtime Environment (19.0.1+10) (build 19.0.1+10-21)
# Java VM: Java HotSpot(TM) 64-Bit Server VM (19.0.1+10-21, mixed mode, sharing, tiered, compressed oops, compressed class ptrs, g1 gc, windows-amd64)
GC Precious Log:
 CardTable entry size: 512
 Card Set container configuration: InlinePtr #cards 5 size 8 Array Of Cards #cards 12 size 40 Howl #buckets 4 coarsen threshold 1843 Howl Bitmap #cards 512 size 80 coarsen threshold 460 Card regions per heap region 1 cards per card region 2048
 CPUs: 4 total, 4 available
 Memory: 8089M
 Large Page Support: Disabled
 NUMA Support: Disabled
 Compressed Oops: Enabled (32-bit)
 Heap Region Size: 1M
 Heap Min Capacity: 8M
 Heap Initial Capacity: 128M
 Heap Max Capacity: 2024M
 Pre-touch: Disabled
 Parallel Workers: 4
 Concurrent Workers: 1
 Concurrent Refinement Workers: 4
 Periodic GC: Disabled
Heap:
 garbage-first heap   total 143360K, used 63801K [0x0000000081800000, 0x0000000100000000)
  region size 1024K, 22 young (22528K), 4 survivors (4096K)
 Metaspace       used 30730K, committed 31232K, reserved 1114112K
  class space    used 3202K, committed 3456K, reserved 1048576K
GC Heap History (20 events):
Event: 8.722 GC heap before
{Heap before GC invocations=4 (full 0):
 garbage-first heap   total 131072K, used 75961K [0x0000000081800000, 0x0000000100000000)
  region size 1024K, 71 young (72704K), 10 survivors (10240K)
 Metaspace       used 21118K, committed 21504K, reserved 1114112K
  class space    used 2284K, committed 2496K, reserved 1048576K
}
Event: 8.742 GC heap after
{Heap after GC invocations=5 (full 0):
 garbage-first heap   total 131072K, used 17029K [0x0000000081800000, 0x0000000100000000)
  region size 1024K, 5 young (5120K), 5 survivors (5120K)
 Metaspace       used 21118K, committed 21504K, reserved 1114112K
  class space    used 2284K, committed 2496K, reserved 1048576K
}
Event: 12.340 GC heap before
{Heap before GC invocations=6 (full 0):
 garbage-first heap   total 65536K, used 52869K [0x0000000081800000, 0x0000000100000000)
  region size 1024K, 38 young (38912K), 5 survivors (5120K)
 Metaspace       used 24488K, committed 24896K, reserved 1114112K
  class space    used 2600K, committed 2816K, reserved 1048576K
}
Event: 12.366 GC heap after
{Heap after GC invocations=7 (full 0):
 garbage-first heap   total 70656K, used 30710K [0x0000000081800000, 0x0000000100000000)
  region size 1024K, 5 young (5120K), 5 survivors (5120K)
 Metaspace       used 24488K, committed 24896K, reserved 1114112K
  class space    used 2600K, committed 2816K, reserved 1048576K
}
Event: 12.376 GC heap before
{Heap before GC invocations=7 (full 0):
 garbage-first heap   total 70656K, used 31734K [0x0000000081800000, 0x0000000100000000)
  region size 1024K, 6 young (6144K), 5 survivors (5120K)
 Metaspace       used 24488K, committed 24896K, reserved 1114112K
  class space    used 2600K, committed 2816K, reserved 1048576K
}
Event: 12.382 GC heap after
{Heap after GC invocations=8 (full 0):
 garbage-first heap   total 70656K, used 32007K [0x0000000081800000, 0x0000000100000000)
  region size 1024K, 1 young (1024K), 1 survivors (1024K)
 Metaspace       used 24488K, committed 24896K, reserved 1114112K
  class space    used 2600K, committed 2816K, reserved 1048576K
}
Event: 12.829 GC heap before
{Heap before GC invocations=8 (full 0):
 garbage-first heap   total 70656K, used 51463K [0x0000000081800000, 0x0000000100000000)
  region size 1024K, 21 young (21504K), 1 survivors (1024K)
 Metaspace       used 24750K, committed 25152K, reserved 1114112K
  class space    used 2627K, committed 2816K, reserved 1048576K
}
Event: 12.836 GC heap after
{Heap after GC invocations=9 (full 0):
 garbage-first heap   total 70656K, used 36352K [0x0000000081800000, 0x0000000100000000)
  region size 1024K, 3 young (3072K), 3 survivors (3072K)
 Metaspace       used 24750K, committed 25152K, reserved 1114112K
  class space    used 2627K, committed 2816K, reserved 1048576K
}
Event: 13.400 GC heap before
{Heap before GC invocations=9 (full 0):
 garbage-first heap   total 70656K, used 49664K [0x0000000081800000, 0x0000000100000000)
  region size 1024K, 17 young (17408K), 3 survivors (3072K)
 Metaspace       used 25270K, committed 25664K, reserved 1114112K
  class space    used 2661K, committed 2880K, reserved 1048576K
}
Event: 13.411 GC heap after
{Heap after GC invocations=10 (full 0):
 garbage-first heap   total 70656K, used 39250K [0x0000000081800000, 0x0000000100000000)
  region size 1024K, 3 young (3072K), 3 survivors (3072K)
 Metaspace       used 25270K, committed 25664K, reserved 1114112K
  class space    used 2661K, committed 2880K, reserved 1048576K
}
Event: 14.184 GC heap before
{Heap before GC invocations=11 (full 0):
 garbage-first heap   total 71680K, used 54610K [0x0000000081800000, 0x0000000100000000)
  region size 1024K, 17 young (17408K), 3 survivors (3072K)
 Metaspace       used 25888K, committed 26304K, reserved 1114112K
  class space    used 2696K, committed 2880K, reserved 1048576K
}
Event: 14.197 GC heap after
{Heap after GC invocations=12 (full 0):
 garbage-first heap   total 71680K, used 41984K [0x0000000081800000, 0x0000000100000000)
  region size 1024K, 2 young (2048K), 2 survivors (2048K)
 Metaspace       used 25888K, committed 26304K, reserved 1114112K
  class space    used 2696K, committed 2880K, reserved 1048576K
}
Event: 14.316 GC heap before
{Heap before GC invocations=12 (full 0):
 garbage-first heap   total 71680K, used 43008K [0x0000000081800000, 0x0000000100000000)
  region size 1024K, 3 young (3072K), 2 survivors (2048K)
 Metaspace       used 25961K, committed 26304K, reserved 1114112K
  class space    used 2703K, committed 2880K, reserved 1048576K
}
Event: 14.325 GC heap after
{Heap after GC invocations=13 (full 0):
 garbage-first heap   total 143360K, used 42258K [0x0000000081800000, 0x0000000100000000)
  region size 1024K, 1 young (1024K), 1 survivors (1024K)
 Metaspace       used 25961K, committed 26304K, reserved 1114112K
  class space    used 2703K, committed 2880K, reserved 1048576K
}
Event: 16.471 GC heap before
{Heap before GC invocations=13 (full 0):
 garbage-first heap   total 143360K, used 96530K [0x0000000081800000, 0x0000000100000000)
  region size 1024K, 55 young (56320K), 1 survivors (1024K)
 Metaspace       used 27601K, committed 28032K, reserved 1114112K
  class space    used 2879K, committed 3072K, reserved 1048576K
}
Event: 16.474 GC heap after
{Heap after GC invocations=14 (full 0):
 garbage-first heap   total 143360K, used 42638K [0x0000000081800000, 0x0000000100000000)
  region size 1024K, 1 young (1024K), 1 survivors (1024K)
 Metaspace       used 27601K, committed 28032K, reserved 1114112K
  class space    used 2879K, committed 3072K, reserved 1048576K
}
Event: 17.417 GC heap before
{Heap before GC invocations=14 (full 0):
 garbage-first heap   total 143360K, used 102030K [0x0000000081800000, 0x0000000100000000)
  region size 1024K, 59 young (60416K), 1 survivors (1024K)
 Metaspace       used 28294K, committed 28800K, reserved 1114112K
  class space    used 2958K, committed 3200K, reserved 1048576K
}
Event: 17.422 GC heap after
{Heap after GC invocations=15 (full 0):
 garbage-first heap   total 143360K, used 43463K [0x0000000081800000, 0x0000000100000000)
  region size 1024K, 2 young (2048K), 2 survivors (2048K)
 Metaspace       used 28294K, committed 28800K, reserved 1114112K
  class space    used 2958K, committed 3200K, reserved 1048576K
}
Event: 19.039 GC heap before
{Heap before GC invocations=15 (full 0):
 garbage-first heap   total 143360K, used 107975K [0x0000000081800000, 0x0000000100000000)
  region size 1024K, 63 young (64512K), 2 survivors (2048K)
 Metaspace       used 30325K, committed 30848K, reserved 1114112K
  class space    used 3174K, committed 3456K, reserved 1048576K
}
Event: 19.050 GC heap after
{Heap after GC invocations=16 (full 0):
 garbage-first heap   total 143360K, used 46393K [0x0000000081800000, 0x0000000100000000)
  region size 1024K, 4 young (4096K), 4 survivors (4096K)
 Metaspace       used 30325K, committed 30848K, reserved 1114112K
  class space    used 3174K, committed 3456K, reserved 1048576K
}

