# JRE version: Java(TM) SE Runtime Environment (19.0.1+10) (build 19.0.1+10-21)
# Java VM: Java HotSpot(TM) 64-Bit Server VM (19.0.1+10-21, mixed mode, sharing, tiered, compressed oops, compressed class ptrs, g1 gc, windows-amd64)
GC Precious Log:
 CardTable entry size: 512
 Card Set container configuration: InlinePtr #cards 5 size 8 Array Of Cards #cards 12 size 40 Howl #buckets 4 coarsen threshold 1843 Howl Bitmap #cards 512 size 80 coarsen threshold 460 Card regions per heap region 1 cards per card region 2048
 CPUs: 4 total, 4 available
 Memory: 8089M
 Large Page Support: Disabled
 NUMA Support: Disabled
 Compressed Oops: Enabled (32-bit)
 Heap Region Size: 1M
 Heap Min Capacity: 8M
 Heap Initial Capacity: 128M
 Heap Max Capacity: 2024M
 Pre-touch: Disabled
 Parallel Workers: 4
 Concurrent Workers: 1
 Concurrent Refinement Workers: 4
 Periodic GC: Disabled
Heap:
 garbage-first heap   total 61440K, used 51458K [0x0000000081800000, 0x0000000100000000)
  region size 1024K, 37 young (37888K), 5 survivors (5120K)
 Metaspace       used 24524K, committed 24960K, reserved 1114112K
  class space    used 2600K, committed 2816K, reserved 1048576K
GC Heap History (12 events):
Event: 1.679 GC heap before
{Heap before GC invocations=0 (full 0):
 garbage-first heap   total 131072K, used 13312K [0x0000000081800000, 0x0000000100000000)
  region size 1024K, 13 young (13312K), 0 survivors (0K)
 Metaspace       used 3728K, committed 3968K, reserved 1114112K
  class space    used 347K, committed 448K, reserved 1048576K
}
Event: 1.685 GC heap after
{Heap after GC invocations=1 (full 0):
 garbage-first heap   total 131072K, used 3723K [0x0000000081800000, 0x0000000100000000)
  region size 1024K, 2 young (2048K), 2 survivors (2048K)
 Metaspace       used 3728K, committed 3968K, reserved 1114112K
  class space    used 347K, committed 448K, reserved 1048576K
}
Event: 2.064 GC heap before
{Heap before GC invocations=1 (full 0):
 garbage-first heap   total 131072K, used 17035K [0x0000000081800000, 0x0000000100000000)
  region size 1024K, 15 young (15360K), 2 survivors (2048K)
 Metaspace       used 5729K, committed 5888K, reserved 1114112K
  class space    used 631K, committed 704K, reserved 1048576K
}
Event: 2.069 GC heap after
{Heap after GC invocations=2 (full 0):
 garbage-first heap   total 131072K, used 4551K [0x0000000081800000, 0x0000000100000000)
  region size 1024K, 1 young (1024K), 1 survivors (1024K)
 Metaspace       used 5729K, committed 5888K, reserved 1114112K
  class space    used 631K, committed 704K, reserved 1048576K
}
Event: 3.108 GC heap before
{Heap before GC invocations=2 (full 0):
 garbage-first heap   total 131072K, used 36295K [0x0000000081800000, 0x0000000100000000)
  region size 1024K, 32 young (32768K), 1 survivors (1024K)
 Metaspace       used 11038K, committed 11264K, reserved 1114112K
  class space    used 1290K, committed 1408K, reserved 1048576K
}
Event: 3.113 GC heap after
{Heap after GC invocations=3 (full 0):
 garbage-first heap   total 131072K, used 6564K [0x0000000081800000, 0x0000000100000000)
  region size 1024K, 3 young (3072K), 3 survivors (3072K)
 Metaspace       used 11038K, committed 11264K, reserved 1114112K
  class space    used 1290K, committed 1408K, reserved 1048576K
}
Event: 5.506 GC heap before
{Heap before GC invocations=3 (full 0):
 garbage-first heap   total 131072K, used 81316K [0x0000000081800000, 0x0000000100000000)
  region size 1024K, 76 young (77824K), 3 survivors (3072K)
 Metaspace       used 14526K, committed 14848K, reserved 1114112K
  class space    used 1541K, committed 1664K, reserved 1048576K
}
Event: 5.521 GC heap after
{Heap after GC invocations=4 (full 0):
 garbage-first heap   total 131072K, used 13125K [0x0000000081800000, 0x0000000100000000)
  region size 1024K, 9 young (9216K), 9 survivors (9216K)
 Metaspace       used 14526K, committed 14848K, reserved 1114112K
  class space    used 1541K, committed 1664K, reserved 1048576K
}
Event: 23.675 GC heap before
{Heap before GC invocations=4 (full 0):
 garbage-first heap   total 131072K, used 81733K [0x0000000081800000, 0x0000000100000000)
  region size 1024K, 76 young (77824K), 9 survivors (9216K)
 Metaspace       used 16258K, committed 16704K, reserved 1114112K
  class space    used 1676K, committed 1856K, reserved 1048576K
}
Event: 23.691 GC heap after
{Heap after GC invocations=5 (full 0):
 garbage-first heap   total 131072K, used 15685K [0x0000000081800000, 0x0000000100000000)
  region size 1024K, 3 young (3072K), 3 survivors (3072K)
 Metaspace       used 16258K, committed 16704K, reserved 1114112K
  class space    used 1676K, committed 1856K, reserved 1048576K
}
Event: 24.923 GC heap before
{Heap before GC invocations=5 (full 0):
 garbage-first heap   total 131072K, used 33093K [0x0000000081800000, 0x0000000100000000)
  region size 1024K, 20 young (20480K), 3 survivors (3072K)
 Metaspace       used 21155K, committed 21504K, reserved 1114112K
  class space    used 2265K, committed 2432K, reserved 1048576K
}
Event: 24.928 GC heap after
{Heap after GC invocations=6 (full 0):
 garbage-first heap   total 131072K, used 16642K [0x0000000081800000, 0x0000000100000000)
  region size 1024K, 4 young (4096K), 4 survivors (4096K)
 Metaspace       used 21155K, committed 21504K, reserved 1114112K
  class space    used 2265K, committed 2432K, reserved 1048576K
}

